  stdafx.cpp
  WaterErosion.cpp
c:\users\verewolf\documents\vereengine\vereengine_build_2017_07_10\vereengine\vereengine-tools\watererosion.cpp(67): warning C4244: 'argument': conversion from 'float' to 'unsigned __int64', possible loss of data
c:\users\verewolf\documents\vereengine\vereengine_build_2017_07_10\vereengine\vereengine-tools\watererosion.cpp(127): warning C4244: '=': conversion from 'int' to 'float', possible loss of data
c:\users\verewolf\documents\vereengine\vereengine_build_2017_07_10\vereengine\vereengine-tools\watererosion.cpp(129): warning C4244: 'argument': conversion from 'float' to 'unsigned __int64', possible loss of data
c:\users\verewolf\documents\vereengine\vereengine_build_2017_07_10\vereengine\vereengine-tools\watererosion.cpp(133): warning C4244: 'argument': conversion from 'float' to 'unsigned __int64', possible loss of data
c:\users\verewolf\documents\vereengine\vereengine_build_2017_07_10\vereengine\vereengine-tools\watererosion.cpp(160): warning C4244: '=': conversion from 'int' to 'float', possible loss of data
  VereEngine-Tools.cpp
  VecMath.cpp
c:\users\verewolf\documents\vereengine\vereengine_build_2017_07_10\vereengine\vereengine-tools\vecmath.cpp(6): warning C4244: '=': conversion from 'float' to 'int', possible loss of data
c:\users\verewolf\documents\vereengine\vereengine_build_2017_07_10\vereengine\vereengine-tools\vecmath.cpp(7): warning C4244: '=': conversion from 'float' to 'int', possible loss of data
  RecalculationMapFromCoord.cpp
c:\users\verewolf\documents\vereengine\vereengine_build_2017_07_10\vereengine\vereengine-tools\recalculationmapfromcoord.cpp(67): warning C4244: 'initializing': conversion from 'double' to 'int', possible loss of data
c:\users\verewolf\documents\vereengine\vereengine_build_2017_07_10\vereengine\vereengine-tools\recalculationmapfromcoord.cpp(113): warning C4244: 'argument': conversion from 'float' to 'int', possible loss of data
  DataStreaming.cpp
  CalcCoordForMap.cpp
  BaseForTool.cpp
c:\users\verewolf\documents\vereengine\vereengine_build_2017_07_10\vereengine\vereengine-tools\basefortool.cpp(17): warning C4267: 'initializing': conversion from 'size_t' to 'int', possible loss of data
  Generating Code...
  VereEngine-Tools.vcxproj -> C:\Users\VereWolf\Documents\VereEngine\VereEngine_Build_2017_07_10\VereEngine\x64\Debug\VereEngine-Tools.exe
  VereEngine-Tools.vcxproj -> C:\Users\VereWolf\Documents\VereEngine\VereEngine_Build_2017_07_10\VereEngine\x64\Debug\VereEngine-Tools.pdb (Full PDB)
