C:\Program Files (x86)\MSBuild\Microsoft.Cpp\v4.0\V140\Microsoft.CppBuild.targets(370,5): warning MSB8021: The value 'MultiByte' of the variable 'CharacterSet' is incompatible with the value 'true' of the variable 'WindowsAppContainer'.
  fxc compile for debug: C:\Users\VereWolf\Documents\VereEngine\VereEngine_Build_2017_05_11\VereEngine\VereEngine\FX\Billboard.fx
  Microsoft (R) Direct3D Shader Compiler 10.0.10011.16384
  Copyright (C) 2013 Microsoft. All rights reserved.
  
CUSTOMBUILD : warning X4717: Effects deprecated for D3DCompiler_47
C:\Users\VereWolf\Documents\VereEngine\VereEngine_Build_2017_05_11\VereEngine\VereEngine\FX\Billboard.fx(109,2-152): warning X3206: implicit truncation of vector type
C:\Users\VereWolf\Documents\VereEngine\VereEngine_Build_2017_05_11\VereEngine\VereEngine\FX\Billboard.fx(137,9-153): warning X3206: implicit truncation of vector type
C:\Users\VereWolf\Documents\VereEngine\VereEngine_Build_2017_05_11\VereEngine\VereEngine\FX\Billboard.fx(140,8-134): warning X3206: implicit truncation of vector type
  
  failed writing C:\Users\VereWolf\Documents\VereEngine\VereEngine_Build_2017_05_11\VereEngine\Debug\VereEngine\FX\Billboard.fxo
  compilation code save succeeded; see Billboard.cod
  fxc compile for debug: C:\Users\VereWolf\Documents\VereEngine\VereEngine_Build_2017_05_11\VereEngine\VereEngine\FX\Body.fx
  Microsoft (R) Direct3D Shader Compiler 10.0.10011.16384
  Copyright (C) 2013 Microsoft. All rights reserved.
  
CUSTOMBUILD : warning X4717: Effects deprecated for D3DCompiler_47
  
  failed writing C:\Users\VereWolf\Documents\VereEngine\VereEngine_Build_2017_05_11\VereEngine\Debug\VereEngine\FX\Body.fxo
  compilation code save succeeded; see Body.cod
  fxc compile for debug: C:\Users\VereWolf\Documents\VereEngine\VereEngine_Build_2017_05_11\VereEngine\VereEngine\FX\LightHelper.fx
  Microsoft (R) Direct3D Shader Compiler 10.0.10011.16384
  Copyright (C) 2013 Microsoft. All rights reserved.
  
CUSTOMBUILD : warning X4717: Effects deprecated for D3DCompiler_47
  
  failed writing C:\Users\VereWolf\Documents\VereEngine\VereEngine_Build_2017_05_11\VereEngine\Debug\VereEngine\FX\LightHelper.fxo
  compilation code save succeeded; see LightHelper.cod
  fxc compile for debug: C:\Users\VereWolf\Documents\VereEngine\VereEngine_Build_2017_05_11\VereEngine\VereEngine\FX\PosNormalTexTan.fx
  Microsoft (R) Direct3D Shader Compiler 10.0.10011.16384
  Copyright (C) 2013 Microsoft. All rights reserved.
  
CUSTOMBUILD : warning X4717: Effects deprecated for D3DCompiler_47
  
  failed writing C:\Users\VereWolf\Documents\VereEngine\VereEngine_Build_2017_05_11\VereEngine\Debug\VereEngine\FX\PosNormalTexTan.fxo
  compilation code save succeeded; see PosNormalTexTan.cod
  fxc compile for debug: C:\Users\VereWolf\Documents\VereEngine\VereEngine_Build_2017_05_11\VereEngine\VereEngine\FX\TerrainBlock.fx
  Microsoft (R) Direct3D Shader Compiler 10.0.10011.16384
  Copyright (C) 2013 Microsoft. All rights reserved.
  
CUSTOMBUILD : warning X4717: Effects deprecated for D3DCompiler_47
  
  failed writing C:\Users\VereWolf\Documents\VereEngine\VereEngine_Build_2017_05_11\VereEngine\Debug\VereEngine\FX\TerrainBlock.fxo
  compilation code save succeeded; see TerrainBlock.cod
  fxc compile for debug: C:\Users\VereWolf\Documents\VereEngine\VereEngine_Build_2017_05_11\VereEngine\VereEngine\FX\TerrainLOD.fx
  Microsoft (R) Direct3D Shader Compiler 10.0.10011.16384
  Copyright (C) 2013 Microsoft. All rights reserved.
  
CUSTOMBUILD : warning X4717: Effects deprecated for D3DCompiler_47
C:\Users\VereWolf\Documents\VereEngine\VereEngine_Build_2017_05_11\VereEngine\VereEngine\FX\TerrainLOD.fx(197,8-134): warning X3206: implicit truncation of vector type
C:\Users\VereWolf\Documents\VereEngine\VereEngine_Build_2017_05_11\VereEngine\VereEngine\FX\TerrainLOD.fx(206,21-86): warning X3206: 'SkyLight': implicit truncation of vector type
  
  compilation code save succeeded; see TerrainLOD.cod
  failed writing C:\Users\VereWolf\Documents\VereEngine\VereEngine_Build_2017_05_11\VereEngine\Debug\VereEngine\FX\TerrainLOD.fxo
  fxc compile for debug: C:\Users\VereWolf\Documents\VereEngine\VereEngine_Build_2017_05_11\VereEngine\VereEngine\FX\SkyBox.fx
  Microsoft (R) Direct3D Shader Compiler 10.0.10011.16384
  Copyright (C) 2013 Microsoft. All rights reserved.
  
CUSTOMBUILD : warning X4717: Effects deprecated for D3DCompiler_47
C:\Users\VereWolf\Documents\VereEngine\VereEngine_Build_2017_05_11\VereEngine\VereEngine\FX\SkyBox.fx(45,9-64): warning X3206: 'SkyLight': implicit truncation of vector type
  
  failed writing C:\Users\VereWolf\Documents\VereEngine\VereEngine_Build_2017_05_11\VereEngine\Debug\VereEngine\FX\SkyBox.fxo
  compilation code save succeeded; see SkyBox.cod
  fxc compile for debug: C:\Users\VereWolf\Documents\VereEngine\VereEngine_Build_2017_05_11\VereEngine\VereEngine\FX\TerrainPlanetLOD.fx
  Microsoft (R) Direct3D Shader Compiler 10.0.10011.16384
  Copyright (C) 2013 Microsoft. All rights reserved.
  
CUSTOMBUILD : warning X4717: Effects deprecated for D3DCompiler_47
C:\Users\VereWolf\Documents\VereEngine\VereEngine_Build_2017_05_11\VereEngine\VereEngine\FX\TerrainPlanetLOD.fx(128,12): warning X3578: Output value 'DS' is not completely initialized
  
  failed writing C:\Users\VereWolf\Documents\VereEngine\VereEngine_Build_2017_05_11\VereEngine\Debug\VereEngine\FX\TerrainPlanetLOD.fxo
  compilation code save succeeded; see TerrainPlanetLOD.cod
  fxc compile for debug: C:\Users\VereWolf\Documents\VereEngine\VereEngine_Build_2017_05_11\VereEngine\VereEngine\FX\Atmosphere.fx
  Microsoft (R) Direct3D Shader Compiler 10.0.10011.16384
  Copyright (C) 2013 Microsoft. All rights reserved.
  
CUSTOMBUILD : warning X4717: Effects deprecated for D3DCompiler_47
  
  failed writing C:\Users\VereWolf\Documents\VereEngine\VereEngine_Build_2017_05_11\VereEngine\Debug\VereEngine\FX\Atmosphere.fxo
  compilation code save succeeded; see Atmosphere.cod
  fxc compile for debug: C:\Users\VereWolf\Documents\VereEngine\VereEngine_Build_2017_05_11\VereEngine\VereEngine\FX\AtmosphereCalc.fx
  Microsoft (R) Direct3D Shader Compiler 10.0.10011.16384
  Copyright (C) 2013 Microsoft. All rights reserved.
  
CUSTOMBUILD : warning X4717: Effects deprecated for D3DCompiler_47
  
  failed writing C:\Users\VereWolf\Documents\VereEngine\VereEngine_Build_2017_05_11\VereEngine\Debug\VereEngine\FX\AtmosphereCalc.fxo
  compilation code save succeeded; see AtmosphereCalc.cod
  pch.cpp
c:\users\verewolf\documents\vereengine\vereengine_build_2017_05_11\vereengine\vereengine\veremath.h(10): error C2719: 'v': formal parameter with requested alignment of 16 won't be aligned
c:\users\verewolf\documents\vereengine\vereengine_build_2017_05_11\vereengine\vereengine\veremath.h(12): error C2719: 'm': formal parameter with requested alignment of 16 won't be aligned
c:\users\verewolf\documents\vereengine\vereengine_build_2017_05_11\vereengine\vereengine\veremath.h(19): error C2719: 't': formal parameter with requested alignment of 16 won't be aligned
c:\users\verewolf\documents\vereengine\vereengine_build_2017_05_11\vereengine\vereengine\veremath.h(63): error C2719: 'a': formal parameter with requested alignment of 16 won't be aligned
c:\users\verewolf\documents\vereengine\vereengine_build_2017_05_11\vereengine\vereengine\veremath.h(63): error C2719: 'b': formal parameter with requested alignment of 16 won't be aligned
c:\users\verewolf\documents\vereengine\vereengine_build_2017_05_11\vereengine\vereengine\veremath.h(95): error C2719: 'a': formal parameter with requested alignment of 16 won't be aligned
c:\users\verewolf\documents\vereengine\vereengine_build_2017_05_11\vereengine\vereengine\veremath.h(95): error C2719: 'b': formal parameter with requested alignment of 16 won't be aligned
c:\users\verewolf\documents\vereengine\vereengine_build_2017_05_11\vereengine\vereengine\veremath.h(172): error C2719: 'center': formal parameter with requested alignment of 16 won't be aligned
c:\users\verewolf\documents\vereengine\vereengine_build_2017_05_11\vereengine\vereengine\veremath.h(172): error C2719: 'offset': formal parameter with requested alignment of 16 won't be aligned
c:\users\verewolf\documents\vereengine\vereengine_build_2017_05_11\vereengine\vereengine\veremath.h(172): error C2719: 'transform': formal parameter with requested alignment of 16 won't be aligned
c:\users\verewolf\documents\vereengine\vereengine_build_2017_05_11\vereengine\vereengine\veremath.h(195): error C2719: 'min': formal parameter with requested alignment of 16 won't be aligned
c:\users\verewolf\documents\vereengine\vereengine_build_2017_05_11\vereengine\vereengine\veremath.h(195): error C2719: 'max': formal parameter with requested alignment of 16 won't be aligned
c:\users\verewolf\documents\vereengine\vereengine_build_2017_05_11\vereengine\vereengine\planetcoordinate.h(19): error C2719: 'dir': formal parameter with requested alignment of 16 won't be aligned
c:\users\verewolf\documents\vereengine\vereengine_build_2017_05_11\vereengine\vereengine\planetcoordinate.h(19): error C2719: 'up': formal parameter with requested alignment of 16 won't be aligned
c:\users\verewolf\documents\vereengine\vereengine_build_2017_05_11\vereengine\vereengine\planetcoordinate.h(19): error C2719: 'right': formal parameter with requested alignment of 16 won't be aligned
c:\users\verewolf\documents\vereengine\vereengine_build_2017_05_11\vereengine\vereengine\planetcoordinate.h(19): error C2719: 'front': formal parameter with requested alignment of 16 won't be aligned
c:\users\verewolf\documents\vereengine\vereengine_build_2017_05_11\vereengine\vereengine\planetcoordinate.h(87): error C2719: 'dir': formal parameter with requested alignment of 16 won't be aligned
c:\users\verewolf\documents\vereengine\vereengine_build_2017_05_11\vereengine\vereengine\planetcoordinate.h(87): error C2719: 'sideMatrix': formal parameter with requested alignment of 16 won't be aligned
c:\users\verewolf\documents\vereengine\vereengine_build_2017_05_11\vereengine\vereengine\planetcoordinate.h(87): error C2719: 'up': formal parameter with requested alignment of 16 won't be aligned
c:\users\verewolf\documents\vereengine\vereengine_build_2017_05_11\vereengine\vereengine\planetcoordinate.h(87): error C2719: 'right': formal parameter with requested alignment of 16 won't be aligned
c:\users\verewolf\documents\vereengine\vereengine_build_2017_05_11\vereengine\vereengine\planetcoordinate.h(87): error C2719: 'front': formal parameter with requested alignment of 16 won't be aligned
c:\users\verewolf\documents\vereengine\vereengine_build_2017_05_11\vereengine\vereengine\planetcoordinate.h(124): error C2719: 'coord': formal parameter with requested alignment of 16 won't be aligned
c:\users\verewolf\documents\vereengine\vereengine_build_2017_05_11\vereengine\vereengine\planetcoordinate.h(124): error C2719: 'sideMatrixInv': formal parameter with requested alignment of 16 won't be aligned
c:\users\verewolf\documents\vereengine\vereengine_build_2017_05_11\vereengine\vereengine\planetcoordinate.h(124): error C2719: 'up': formal parameter with requested alignment of 16 won't be aligned
c:\users\verewolf\documents\vereengine\vereengine_build_2017_05_11\vereengine\vereengine\planetcoordinate.h(124): error C2719: 'right': formal parameter with requested alignment of 16 won't be aligned
c:\users\verewolf\documents\vereengine\vereengine_build_2017_05_11\vereengine\vereengine\planetcoordinate.h(124): error C2719: 'front': formal parameter with requested alignment of 16 won't be aligned
c:\users\verewolf\documents\vereengine\vereengine_build_2017_05_11\vereengine\vereengine\planetcoordinate.h(129): error C2719: 'dir': formal parameter with requested alignment of 16 won't be aligned
c:\users\verewolf\documents\vereengine\vereengine_build_2017_05_11\vereengine\vereengine\planetcoordinate.h(129): error C2719: 'up': formal parameter with requested alignment of 16 won't be aligned
c:\users\verewolf\documents\vereengine\vereengine_build_2017_05_11\vereengine\vereengine\planetcoordinate.h(129): error C2719: 'right': formal parameter with requested alignment of 16 won't be aligned
c:\users\verewolf\documents\vereengine\vereengine_build_2017_05_11\vereengine\vereengine\planetcoordinate.h(129): error C2719: 'front': formal parameter with requested alignment of 16 won't be aligned
c:\users\verewolf\documents\vereengine\vereengine_build_2017_05_11\vereengine\vereengine\planetcoordinate.h(148): error C2719: 'coord': formal parameter with requested alignment of 16 won't be aligned
c:\users\verewolf\documents\vereengine\vereengine_build_2017_05_11\vereengine\vereengine\planetcoordinate.h(148): error C2719: 'up': formal parameter with requested alignment of 16 won't be aligned
c:\users\verewolf\documents\vereengine\vereengine_build_2017_05_11\vereengine\vereengine\planetcoordinate.h(148): error C2719: 'right': formal parameter with requested alignment of 16 won't be aligned
c:\users\verewolf\documents\vereengine\vereengine_build_2017_05_11\vereengine\vereengine\planetcoordinate.h(148): error C2719: 'front': formal parameter with requested alignment of 16 won't be aligned
c:\users\verewolf\documents\vereengine\vereengine_build_2017_05_11\vereengine\vereengine\planetcoordinate.h(153): error C2719: 'planetSideCoord': formal parameter with requested alignment of 16 won't be aligned
c:\users\verewolf\documents\vereengine\vereengine_build_2017_05_11\vereengine\vereengine\gamemeshbuffer.h(19): error C2719: 'minV': formal parameter with requested alignment of 16 won't be aligned
c:\users\verewolf\documents\vereengine\vereengine_build_2017_05_11\vereengine\vereengine\gamemeshbuffer.h(20): error C2719: 'maxV': formal parameter with requested alignment of 16 won't be aligned
c:\users\verewolf\documents\vereengine\vereengine_build_2017_05_11\vereengine\vereengine\gameresourceobject.h(15): error C2719: 'transform': formal parameter with requested alignment of 16 won't be aligned
c:\users\verewolf\documents\vereengine\vereengine_build_2017_05_11\vereengine\vereengine\gameresourceobject.h(15): error C2719: 'scaling': formal parameter with requested alignment of 16 won't be aligned
c:\users\verewolf\documents\vereengine\vereengine_build_2017_05_11\vereengine\vereengine\gameresourceobjectsstack.h(15): error C2719: 'transform': formal parameter with requested alignment of 16 won't be aligned
c:\users\verewolf\documents\vereengine\vereengine_build_2017_05_11\vereengine\vereengine\gameresourceobjectsstack.h(15): error C2719: 'scaling': formal parameter with requested alignment of 16 won't be aligned
c:\users\verewolf\documents\vereengine\vereengine_build_2017_05_11\vereengine\vereengine\gameobject.h(41): error C2719: 'position': formal parameter with requested alignment of 16 won't be aligned
c:\users\verewolf\documents\vereengine\vereengine_build_2017_05_11\vereengine\vereengine\gameobject.h(41): error C2719: 'angle': formal parameter with requested alignment of 16 won't be aligned
c:\users\verewolf\documents\vereengine\vereengine_build_2017_05_11\vereengine\vereengine\gameobject.h(41): error C2719: 'spacing': formal parameter with requested alignment of 16 won't be aligned
c:\users\verewolf\documents\vereengine\vereengine_build_2017_05_11\vereengine\vereengine\gameobject.h(41): error C2719: 'localInertia': formal parameter with requested alignment of 16 won't be aligned
c:\users\verewolf\documents\vereengine\vereengine_build_2017_05_11\vereengine\vereengine\gameobject.h(46): error C2719: 'camOffset': formal parameter with requested alignment of 16 won't be aligned
c:\users\verewolf\documents\vereengine\vereengine_build_2017_05_11\vereengine\vereengine\gameobject.h(46): error C2719: 'camView': formal parameter with requested alignment of 16 won't be aligned
c:\users\verewolf\documents\vereengine\vereengine_build_2017_05_11\vereengine\vereengine\gameobject.h(46): error C2719: 'camProj': formal parameter with requested alignment of 16 won't be aligned
c:\users\verewolf\documents\vereengine\vereengine_build_2017_05_11\vereengine\vereengine\gameobject.h(61): error C2719: 'M': formal parameter with requested alignment of 16 won't be aligned
c:\users\verewolf\documents\vereengine\vereengine_build_2017_05_11\vereengine\vereengine\gameobject.h(65): error C2719: 'P': formal parameter with requested alignment of 16 won't be aligned
c:\users\verewolf\documents\vereengine\vereengine_build_2017_05_11\vereengine\vereengine\gameobject.h(69): error C2719: 'A': formal parameter with requested alignment of 16 won't be aligned
c:\users\verewolf\documents\vereengine\vereengine_build_2017_05_11\vereengine\vereengine\gameobject.h(71): error C2719: 'axis': formal parameter with requested alignment of 16 won't be aligned
c:\users\verewolf\documents\vereengine\vereengine_build_2017_05_11\vereengine\vereengine\gameobject.h(72): error C2719: 'axis': formal parameter with requested alignment of 16 won't be aligned
c:\users\verewolf\documents\vereengine\vereengine_build_2017_05_11\vereengine\vereengine\gameobject.h(73): error C2719: 'scaling': formal parameter with requested alignment of 16 won't be aligned
c:\users\verewolf\documents\vereengine\vereengine_build_2017_05_11\vereengine\vereengine\gameobject.h(74): error C2719: 'scaling': formal parameter with requested alignment of 16 won't be aligned
c:\users\verewolf\documents\vereengine\vereengine_build_2017_05_11\vereengine\vereengine\staticmesh.h(20): error C2719: 'transform': formal parameter with requested alignment of 16 won't be aligned
c:\users\verewolf\documents\vereengine\vereengine_build_2017_05_11\vereengine\vereengine\staticmesh.h(20): error C2719: 'scaling': formal parameter with requested alignment of 16 won't be aligned
c:\users\verewolf\documents\vereengine\vereengine_build_2017_05_11\vereengine\vereengine\gameobjectspace.h(20): error C2719: 'camOffset': formal parameter with requested alignment of 16 won't be aligned
c:\users\verewolf\documents\vereengine\vereengine_build_2017_05_11\vereengine\vereengine\gameobjectspace.h(20): error C2719: 'camView': formal parameter with requested alignment of 16 won't be aligned
c:\users\verewolf\documents\vereengine\vereengine_build_2017_05_11\vereengine\vereengine\gameobjectspace.h(20): error C2719: 'camProj': formal parameter with requested alignment of 16 won't be aligned
c:\users\verewolf\documents\vereengine\vereengine_build_2017_05_11\vereengine\vereengine\camera.h(19): error C2719: 'camOffset': formal parameter with requested alignment of 16 won't be aligned
c:\users\verewolf\documents\vereengine\vereengine_build_2017_05_11\vereengine\vereengine\camera.h(19): error C2719: 'camView': formal parameter with requested alignment of 16 won't be aligned
c:\users\verewolf\documents\vereengine\vereengine_build_2017_05_11\vereengine\vereengine\camera.h(19): error C2719: 'camProj': formal parameter with requested alignment of 16 won't be aligned
c:\users\verewolf\documents\vereengine\vereengine_build_2017_05_11\vereengine\vereengine\camera.h(33): error C2719: 'Up': formal parameter with requested alignment of 16 won't be aligned
c:\users\verewolf\documents\vereengine\vereengine_build_2017_05_11\vereengine\vereengine\camera.h(53): error C2719: 'pos': formal parameter with requested alignment of 16 won't be aligned
c:\users\verewolf\documents\vereengine\vereengine_build_2017_05_11\vereengine\vereengine\camera.h(53): error C2719: 'target': formal parameter with requested alignment of 16 won't be aligned
c:\users\verewolf\documents\vereengine\vereengine_build_2017_05_11\vereengine\vereengine\camera.h(53): error C2719: 'worldUp': formal parameter with requested alignment of 16 won't be aligned
c:\users\verewolf\documents\vereengine\vereengine_build_2017_05_11\vereengine\vereengine\planetlod.h(67): error C2719: 'position': formal parameter with requested alignment of 16 won't be aligned
c:\users\verewolf\documents\vereengine\vereengine_build_2017_05_11\vereengine\vereengine\planetlod.h(70): error C2719: 'camOffset': formal parameter with requested alignment of 16 won't be aligned
c:\users\verewolf\documents\vereengine\vereengine_build_2017_05_11\vereengine\vereengine\planetlod.h(70): error C2719: 'camView': formal parameter with requested alignment of 16 won't be aligned
c:\users\verewolf\documents\vereengine\vereengine_build_2017_05_11\vereengine\vereengine\planetlod.h(70): error C2719: 'camProj': formal parameter with requested alignment of 16 won't be aligned
c:\users\verewolf\documents\vereengine\vereengine_build_2017_05_11\vereengine\vereengine\planet.h(19): error C2719: 'camOffset': formal parameter with requested alignment of 16 won't be aligned
c:\users\verewolf\documents\vereengine\vereengine_build_2017_05_11\vereengine\vereengine\planet.h(19): error C2719: 'camView': formal parameter with requested alignment of 16 won't be aligned
c:\users\verewolf\documents\vereengine\vereengine_build_2017_05_11\vereengine\vereengine\planet.h(19): error C2719: 'camProj': formal parameter with requested alignment of 16 won't be aligned
c:\users\verewolf\documents\vereengine\vereengine_build_2017_05_11\vereengine\vereengine\bodymesh.h(14): error C2719: 'transform': formal parameter with requested alignment of 16 won't be aligned
c:\users\verewolf\documents\vereengine\vereengine_build_2017_05_11\vereengine\vereengine\testobject.h(78): error C2719: 'camOffset': formal parameter with requested alignment of 16 won't be aligned
c:\users\verewolf\documents\vereengine\vereengine_build_2017_05_11\vereengine\vereengine\testobject.h(78): error C2719: 'camView': formal parameter with requested alignment of 16 won't be aligned
c:\users\verewolf\documents\vereengine\vereengine_build_2017_05_11\vereengine\vereengine\testobject.h(78): error C2719: 'camProj': formal parameter with requested alignment of 16 won't be aligned
c:\users\verewolf\documents\vereengine\vereengine_build_2017_05_11\vereengine\vereengine\gameobjectsstackmanager.h(53): error C2719: 'position': formal parameter with requested alignment of 16 won't be aligned
c:\users\verewolf\documents\vereengine\vereengine_build_2017_05_11\vereengine\vereengine\gameobjectsstackmanager.h(53): error C2719: 'angle': formal parameter with requested alignment of 16 won't be aligned
c:\users\verewolf\documents\vereengine\vereengine_build_2017_05_11\vereengine\vereengine\gameobjectsstackmanager.h(53): error C2719: 'spacing': formal parameter with requested alignment of 16 won't be aligned
c:\users\verewolf\documents\vereengine\vereengine_build_2017_05_11\vereengine\vereengine\gameobjectsstackmanager.h(53): error C2719: 'localInertia': formal parameter with requested alignment of 16 won't be aligned
